[21/Mar/2016 10:18:00] DEBUG [collector.tasks:29] Init mapping...
[21/Mar/2016 10:18:04] INFO [collector.tasks:37] Offers in bbdd: 39595
[21/Mar/2016 10:18:04] DEBUG [collector.tasks:48] Process page: 1/39 ...
[21/Mar/2016 10:19:20] DEBUG [collector.tasks:66] Finish page: 1/39 ...
[21/Mar/2016 10:19:21] DEBUG [collector.tasks:48] Process page: 2/39 ...
[21/Mar/2016 10:19:21] ERROR [collector.tasks:65] 1948e846ffc40ff9d21a97ee9469911:u'1948e846ffc40ff9d21a97ee9469911'
[21/Mar/2016 10:19:21] ERROR [collector.tasks:65] 15c2f0e9d9b443e9c261755c53bb665:u'15c2f0e9d9b443e9c261755c53bb665'
[21/Mar/2016 10:19:21] ERROR [collector.tasks:65] 13768c4dc14436eb5c76bb710adfe91:u'13768c4dc14436eb5c76bb710adfe91'
[21/Mar/2016 10:19:21] ERROR [collector.tasks:65] 113c874b5534bb0a64f93ad98e86b59:u'113c874b5534bb0a64f93ad98e86b59'
[21/Mar/2016 10:19:21] ERROR [collector.tasks:65] 14bdea05e7b41c28f9e2c57f4020a8f:u'14bdea05e7b41c28f9e2c57f4020a8f'
[21/Mar/2016 10:19:21] ERROR [collector.tasks:65] 1f09a13931e451caaadf832a313639c:u'1f09a13931e451caaadf832a313639c'
[21/Mar/2016 10:19:21] ERROR [collector.tasks:65] 1786a2a203c431d9c9a4d6381758bf2:u'1786a2a203c431d9c9a4d6381758bf2'
[21/Mar/2016 10:19:21] ERROR [collector.tasks:65] 1d9f739bf694da3b06cf19b92096bb2:u'1d9f739bf694da3b06cf19b92096bb2'
[21/Mar/2016 10:19:21] ERROR [collector.tasks:65] 1b991b5d0e94f5bbf09202588d52e2d:u'1b991b5d0e94f5bbf09202588d52e2d'
[21/Mar/2016 10:20:34] DEBUG [collector.tasks:66] Finish page: 2/39 ...
[21/Mar/2016 10:20:35] DEBUG [collector.tasks:48] Process page: 3/39 ...
[21/Mar/2016 10:21:49] DEBUG [collector.tasks:66] Finish page: 3/39 ...
[21/Mar/2016 10:21:49] DEBUG [collector.tasks:48] Process page: 4/39 ...
[21/Mar/2016 10:21:49] ERROR [collector.tasks:65] 1444f8038f94dcf9ae00103b1372e96:u'1444f8038f94dcf9ae00103b1372e96'
[21/Mar/2016 10:21:49] ERROR [collector.tasks:65] 126ccc9db474a2a80ed67c1aa7944d0:u'126ccc9db474a2a80ed67c1aa7944d0'
[21/Mar/2016 10:21:49] ERROR [collector.tasks:65] 10cb0d13aea4e7e90ad51f2a0d8d17f:u'10cb0d13aea4e7e90ad51f2a0d8d17f'
[21/Mar/2016 10:21:49] ERROR [collector.tasks:65] 1f874dcba184af38fee418bb07665be:u'1f874dcba184af38fee418bb07665be'
[21/Mar/2016 10:21:49] ERROR [collector.tasks:65] 10b8ebaab54450ab2cb0a1e2609f55e:u'10b8ebaab54450ab2cb0a1e2609f55e'
[21/Mar/2016 10:21:49] ERROR [collector.tasks:65] 1f91bcdc3924a88b02139d8f052530f:u'1f91bcdc3924a88b02139d8f052530f'
[21/Mar/2016 10:21:49] ERROR [collector.tasks:65] 157ff391fda459db8fc34c742f23bbb:u'157ff391fda459db8fc34c742f23bbb'
[21/Mar/2016 10:21:49] ERROR [collector.tasks:65] 119cc37980c409faf07e36094d6181a:u'119cc37980c409faf07e36094d6181a'
[21/Mar/2016 10:23:08] DEBUG [collector.tasks:66] Finish page: 4/39 ...
[21/Mar/2016 10:23:09] DEBUG [collector.tasks:48] Process page: 5/39 ...
[21/Mar/2016 10:24:25] DEBUG [collector.tasks:66] Finish page: 5/39 ...
[21/Mar/2016 10:24:26] DEBUG [collector.tasks:48] Process page: 6/39 ...
[21/Mar/2016 10:24:26] ERROR [collector.tasks:65] 100c0de75f84982b98cbe23ab0dc98b:u'100c0de75f84982b98cbe23ab0dc98b'
[21/Mar/2016 10:24:26] ERROR [collector.tasks:65] 1a45717f104497896990200d84a6006:u'1a45717f104497896990200d84a6006'
[21/Mar/2016 10:24:26] ERROR [collector.tasks:65] 181f53e695b49d3a9f05fec7528cf70:u'181f53e695b49d3a9f05fec7528cf70'
[21/Mar/2016 10:24:26] ERROR [collector.tasks:65] 13682e63b8e4df58aaf7799e0a4efe9:u'13682e63b8e4df58aaf7799e0a4efe9'
[21/Mar/2016 10:24:26] ERROR [collector.tasks:65] 1db60b43c2945db91b7e97a907277ac:u'1db60b43c2945db91b7e97a907277ac'
[21/Mar/2016 10:24:26] ERROR [collector.tasks:65] 1a29b2dcb224af6acca1132b57664ba:u'1a29b2dcb224af6acca1132b57664ba'
[21/Mar/2016 10:24:26] ERROR [collector.tasks:65] 12c8e2c5aca46ca9a9604115dd2d2d1:u'12c8e2c5aca46ca9a9604115dd2d2d1'
[21/Mar/2016 10:24:26] ERROR [collector.tasks:65] 1ee044c749a42aea940c93740970967:u'1ee044c749a42aea940c93740970967'
[21/Mar/2016 10:24:26] ERROR [collector.tasks:65] 1d972243fee472b8d969358539f851c:u'1d972243fee472b8d969358539f851c'
[21/Mar/2016 10:24:26] ERROR [collector.tasks:65] 1c2938bfdf5424a8c592c529abb6761:u'1c2938bfdf5424a8c592c529abb6761'
[21/Mar/2016 10:24:26] ERROR [collector.tasks:65] 15fc1d9719040c2a753bff3322c4c9c:u'15fc1d9719040c2a753bff3322c4c9c'
[21/Mar/2016 10:24:26] ERROR [collector.tasks:65] 186f369938e4c62b0e41e71c2cbd926:u'186f369938e4c62b0e41e71c2cbd926'
[21/Mar/2016 10:24:26] ERROR [collector.tasks:65] 15438be1aff4d8a9192e8fe2a9ba5fe:u'15438be1aff4d8a9192e8fe2a9ba5fe'
[21/Mar/2016 10:25:43] DEBUG [collector.tasks:66] Finish page: 6/39 ...
[21/Mar/2016 10:25:43] DEBUG [collector.tasks:48] Process page: 7/39 ...
[21/Mar/2016 10:25:43] ERROR [collector.tasks:65] 170e5282ea14fa4bd1b6d1ab47bca98:u'170e5282ea14fa4bd1b6d1ab47bca98'
[21/Mar/2016 10:25:43] ERROR [collector.tasks:65] 18e9d6f1ed149ab8fbd13c004a8e40d:u'18e9d6f1ed149ab8fbd13c004a8e40d'
[21/Mar/2016 10:27:05] DEBUG [collector.tasks:66] Finish page: 7/39 ...
[21/Mar/2016 10:27:05] DEBUG [collector.tasks:48] Process page: 8/39 ...
[21/Mar/2016 10:28:45] DEBUG [collector.tasks:66] Finish page: 8/39 ...
[21/Mar/2016 10:28:45] DEBUG [collector.tasks:48] Process page: 9/39 ...
[21/Mar/2016 10:28:45] ERROR [collector.tasks:65] 18bc802b4ca40efa109dd5e6addb08e:u'18bc802b4ca40efa109dd5e6addb08e'
[21/Mar/2016 10:28:45] ERROR [collector.tasks:65] 1f80ae902154a7c9716ea01708ab93c:u'1f80ae902154a7c9716ea01708ab93c'
[21/Mar/2016 10:28:45] ERROR [collector.tasks:65] 199d5fe913145949a0b083454f5a86e:u'199d5fe913145949a0b083454f5a86e'
[21/Mar/2016 10:28:45] ERROR [collector.tasks:65] 15a670dad4846a08ba7c98f032b34fd:u'15a670dad4846a08ba7c98f032b34fd'
[21/Mar/2016 10:28:45] ERROR [collector.tasks:65] 11134b98fe54979baef9a1a0b09b469:u'11134b98fe54979baef9a1a0b09b469'
[21/Mar/2016 10:28:45] ERROR [collector.tasks:65] 1af81fcf7ea44d790de5572975ebcbf:u'1af81fcf7ea44d790de5572975ebcbf'
[21/Mar/2016 10:28:45] ERROR [collector.tasks:65] 197aed1e11d4c60acade48507721fe0:u'197aed1e11d4c60acade48507721fe0'
[21/Mar/2016 10:28:45] ERROR [collector.tasks:65] 1b7be0c603640b58fea0b21ebaaa47d:u'1b7be0c603640b58fea0b21ebaaa47d'
[21/Mar/2016 10:28:45] ERROR [collector.tasks:65] 1c28a448d9c4640ad2e8134cefa5ddc:u'1c28a448d9c4640ad2e8134cefa5ddc'
[21/Mar/2016 10:44:00] DEBUG [collector.tasks:29] Init mapping...
[21/Mar/2016 10:44:04] INFO [collector.tasks:37] Offers in bbdd: 47806
[21/Mar/2016 10:44:05] DEBUG [collector.tasks:47] Process page: 1/39 ...
[21/Mar/2016 10:44:19] DEBUG [collector.tasks:67] Finish page: 1/39, 164 news, 8 updates
[21/Mar/2016 10:44:19] DEBUG [collector.tasks:47] Process page: 2/39 ...
[21/Mar/2016 10:44:20] DEBUG [collector.tasks:67] Finish page: 2/39, 0 news, 0 updates
[21/Mar/2016 10:44:20] DEBUG [collector.tasks:47] Process page: 3/39 ...
[21/Mar/2016 10:44:20] DEBUG [collector.tasks:67] Finish page: 3/39, 1 news, 3 updates
[21/Mar/2016 10:44:21] DEBUG [collector.tasks:47] Process page: 4/39 ...
[21/Mar/2016 10:44:22] DEBUG [collector.tasks:67] Finish page: 4/39, 0 news, 9 updates
[21/Mar/2016 10:44:22] DEBUG [collector.tasks:47] Process page: 5/39 ...
[21/Mar/2016 10:44:23] DEBUG [collector.tasks:67] Finish page: 5/39, 0 news, 6 updates
[21/Mar/2016 10:44:23] DEBUG [collector.tasks:47] Process page: 6/39 ...
[21/Mar/2016 10:44:24] DEBUG [collector.tasks:67] Finish page: 6/39, 0 news, 3 updates
[21/Mar/2016 10:44:24] DEBUG [collector.tasks:47] Process page: 7/39 ...
[21/Mar/2016 10:44:24] DEBUG [collector.tasks:67] Finish page: 7/39, 0 news, 1 updates
[21/Mar/2016 10:44:25] DEBUG [collector.tasks:47] Process page: 8/39 ...
[21/Mar/2016 10:44:25] DEBUG [collector.tasks:67] Finish page: 8/39, 0 news, 4 updates
[21/Mar/2016 10:44:26] DEBUG [collector.tasks:47] Process page: 9/39 ...
[21/Mar/2016 10:45:09] DEBUG [collector.tasks:67] Finish page: 9/39, 534 news, 2 updates
[21/Mar/2016 10:45:10] DEBUG [collector.tasks:47] Process page: 10/39 ...
[21/Mar/2016 10:46:32] DEBUG [collector.tasks:67] Finish page: 10/39, 969 news, 9 updates
[21/Mar/2016 10:46:33] DEBUG [collector.tasks:47] Process page: 11/39 ...
[21/Mar/2016 10:46:33] ERROR [collector.tasks:66] 1078603c07b4419aa275fdcf171c316:u'1078603c07b4419aa275fdcf171c316'
[21/Mar/2016 10:46:33] ERROR [collector.tasks:66] 1e667a9dc9041dc94fb71be30c0af1f:u'1e667a9dc9041dc94fb71be30c0af1f'
[21/Mar/2016 10:46:33] ERROR [collector.tasks:66] 1de07da57e742928dce73ee57686bd1:u'1de07da57e742928dce73ee57686bd1'
[21/Mar/2016 10:46:33] ERROR [collector.tasks:66] 1ec15771d384d478592d2c9832bc355:u'1ec15771d384d478592d2c9832bc355'
[21/Mar/2016 10:46:33] ERROR [collector.tasks:66] 1b79591aff8488e9bc952dcbe159a50:u'1b79591aff8488e9bc952dcbe159a50'
[21/Mar/2016 10:46:33] ERROR [collector.tasks:66] 115e74424be4d84bda1191cadde5a3f:u'115e74424be4d84bda1191cadde5a3f'
[21/Mar/2016 10:46:33] ERROR [collector.tasks:66] 1941317a059466b9fbcb10cfd5e960a:u'1941317a059466b9fbcb10cfd5e960a'
[21/Mar/2016 10:46:33] ERROR [collector.tasks:66] 1250fa468f446feb05f92431033b767:u'1250fa468f446feb05f92431033b767'
[21/Mar/2016 10:46:33] ERROR [collector.tasks:66] 1fcdf1e15f942d5a2bf5f1339fd58aa:u'1fcdf1e15f942d5a2bf5f1339fd58aa'
[21/Mar/2016 10:46:33] ERROR [collector.tasks:66] 1e87c21c10f43a9a9005466d9815fba:u'1e87c21c10f43a9a9005466d9815fba'
[21/Mar/2016 10:46:33] ERROR [collector.tasks:66] 1686836a7e64fd084005d5184899cf8:u'1686836a7e64fd084005d5184899cf8'
[21/Mar/2016 10:46:33] ERROR [collector.tasks:66] 13755788536456a9b5db0315fb97192:u'13755788536456a9b5db0315fb97192'
[21/Mar/2016 10:46:33] ERROR [collector.tasks:66] 1a234e6dca7433e9e807ea4d61b3d11:u'1a234e6dca7433e9e807ea4d61b3d11'
[21/Mar/2016 10:47:49] DEBUG [collector.tasks:67] Finish page: 11/39, 960 news, 2 updates
[21/Mar/2016 10:47:49] DEBUG [collector.tasks:47] Process page: 12/39 ...
[21/Mar/2016 10:49:04] DEBUG [collector.tasks:67] Finish page: 12/39, 878 news, 94 updates
[21/Mar/2016 10:49:05] DEBUG [collector.tasks:47] Process page: 13/39 ...
[21/Mar/2016 10:50:16] DEBUG [collector.tasks:67] Finish page: 13/39, 3 news, 943 updates
[21/Mar/2016 10:50:17] DEBUG [collector.tasks:47] Process page: 14/39 ...
[21/Mar/2016 10:51:26] DEBUG [collector.tasks:67] Finish page: 14/39, 3 news, 918 updates
[21/Mar/2016 10:51:27] DEBUG [collector.tasks:47] Process page: 15/39 ...
[21/Mar/2016 10:52:41] DEBUG [collector.tasks:67] Finish page: 15/39, 5 news, 942 updates
[21/Mar/2016 10:52:41] DEBUG [collector.tasks:47] Process page: 16/39 ...
[21/Mar/2016 10:53:52] DEBUG [collector.tasks:67] Finish page: 16/39, 6 news, 928 updates
[21/Mar/2016 10:53:52] DEBUG [collector.tasks:47] Process page: 17/39 ...
